PLINK v1.90b6.4 64-bit (7 Aug 2018)
Options in effect:
  --allow-no-sex
  --bfile ALL_Cohorts_MERGED_FINAL
  --ci 0.95
  --covar ADGC_Asian.covars
  --covar-name Sex
  --keep ADGC_Asian.IDList
  --logistic hide-covar
  --memory 100000
  --out ADGC_Asian-logistic-OR-CI
  --pheno ADGC_Asian.covars
  --pheno-name CACO
  --threads 12

Hostname: fenix.psych.wucon.wustl.edu
Working directory: /40/AD/GWAS_data/Source_Plink/2020_ADGC_EOAD/Achal_ADGC_EOAD-analyses
Start time: Wed Oct 14 11:45:29 2020

Random number seed: 1602693929
773748 MB RAM detected; reserving 100000 MB for main workspace.
9536034 variants loaded from .bim file.
19125 people (0 males, 0 females, 19125 ambiguous) loaded from .fam.
Ambiguous sex IDs written to ADGC_Asian-logistic-OR-CI.nosex .
286 phenotype values present after --pheno.
--keep: 309 people remaining.
Using 1 thread (no multithreaded calculations invoked).
--covar: 1 out of 3 covariates loaded.
Before main variant filters, 309 founders and 0 nonfounders present.
Calculating allele frequencies... done.
Total genotyping rate in remaining samples is 0.842777.
9536034 variants and 309 people pass filters and QC.
Among remaining phenotypes, 164 are cases and 122 are controls.  (23 phenotypes
are missing.)
Writing logistic model association results to
ADGC_Asian-logistic-OR-CI.assoc.logistic ... done.

End time: Wed Oct 14 11:47:33 2020
